<?xml version="1.0" encoding="UTF-8"?>
<testng-results ignored="0" total="1" passed="1" failed="0" skipped="0">
  <reporter-output>
  </reporter-output>
  <suite started-at="2023-06-14T13:51:17 IST" name="Default suite" finished-at="2023-06-14T13:52:10 IST" duration-ms="53577">
    <groups>
    </groups>
    <test started-at="2023-06-14T13:51:17 IST" name="Default test" finished-at="2023-06-14T13:52:10 IST" duration-ms="53577">
      <class name="com.myntraProjectUpdate.App">
        <test-method is-config="true" signature="setup()[pri:0, instance:com.myntraProjectUpdate.App@54bff557]" started-at="2023-06-14T13:51:17 IST" name="setup" finished-at="2023-06-14T13:51:27 IST" duration-ms="10157" status="PASS">
          <reporter-output>
          </reporter-output>
        </test-method> <!-- setup -->
        <test-method signature="search()[pri:0, instance:com.myntraProjectUpdate.App@54bff557]" started-at="2023-06-14T13:51:27 IST" name="search" finished-at="2023-06-14T13:52:10 IST" duration-ms="42721" status="PASS">
          <reporter-output>
          </reporter-output>
        </test-method> <!-- search -->
        <test-method is-config="true" signature="tearDown()[pri:0, instance:com.myntraProjectUpdate.App@54bff557]" started-at="2023-06-14T13:52:10 IST" name="tearDown" finished-at="2023-06-14T13:52:10 IST" duration-ms="608" status="PASS">
          <reporter-output>
          </reporter-output>
        </test-method> <!-- tearDown -->
      </class> <!-- com.myntraProjectUpdate.App -->
    </test> <!-- Default test -->
  </suite> <!-- Default suite -->
</testng-results>
